Using pre-set license
Built from '2020.3/staging' branch; Version is '2020.3.21f1 (a38c86f6690f) revision 10718342'; Using compiler version '192528614'; Build Type 'Release'
OS: 'Windows 10 Pro; OS build 19044.2364; Version 2009; 64bit' Language: 'zh' Physical Memory: 49066 MB
BatchMode: 1, IsHumanControllingUs: 0, StartBugReporterOnCrash: 0, Is64bit: 1, IsPro: 0

COMMAND LINE ARGUMENTS:
D:\Program Files\Unity 2020.3.21f1\Editor\Unity.exe
-adb2
-batchMode
-noUpm
-name
AssetImportWorker0
-projectPath
D:/UnityProject/Unity_Shaders_Book
-logFile
Logs/AssetImportWorker0.log
-srvPort
54605
Successfully changed project path to: D:/UnityProject/Unity_Shaders_Book
D:/UnityProject/Unity_Shaders_Book
Using Asset Import Pipeline V2.
Refreshing native plugins compatible for Editor in 76.52 ms, found 2 plugins.
Preloading 0 native plugins for Editor in 0.00 ms.
Initialize engine version: 2020.3.21f1 (a38c86f6690f)
[Subsystems] Discovering subsystems at path D:/Program Files/Unity 2020.3.21f1/Editor/Data/Resources/UnitySubsystems
[Subsystems] Discovering subsystems at path D:/UnityProject/Unity_Shaders_Book/Assets
GfxDevice: creating device client; threaded=0
Direct3D:
    Version:  Direct3D 11.0 [level 11.1]
    Renderer: NVIDIA GeForce RTX 2080 Ti (ID=0x1e04)
    Vendor:   
    VRAM:     11049 MB
    Driver:   31.0.15.1694
Initialize mono
Mono path[0] = 'D:/Program Files/Unity 2020.3.21f1/Editor/Data/Managed'
Mono path[1] = 'D:/Program Files/Unity 2020.3.21f1/Editor/Data/MonoBleedingEdge/lib/mono/unityjit'
Mono config path = 'D:/Program Files/Unity 2020.3.21f1/Editor/Data/MonoBleedingEdge/etc'
Using monoOptions --debugger-agent=transport=dt_socket,embedding=1,server=y,suspend=n,address=127.0.0.1:56832
Begin MonoManager ReloadAssembly
Registering precompiled unity dll's ...
Register platform support module: D:/Program Files/Unity 2020.3.21f1/Editor/Data/PlaybackEngines/WebGLSupport/UnityEditor.WebGL.Extensions.dll
Register platform support module: D:/Program Files/Unity 2020.3.21f1/Editor/Data/PlaybackEngines/WindowsStandaloneSupport/UnityEditor.WindowsStandalone.Extensions.dll
Registered in 0.005673 seconds.
Native extension for WindowsStandalone target not found
Native extension for WebGL target not found
Refreshing native plugins compatible for Editor in 35.15 ms, found 2 plugins.
Preloading 0 native plugins for Editor in 0.00 ms.
Mono: successfully reloaded assembly
- Completed reload, in  3.414 seconds
Domain Reload Profiling:
	ReloadAssembly (3414ms)
		BeginReloadAssembly (123ms)
			ExecutionOrderSort (0ms)
			DisableScriptedObjects (0ms)
			BackupInstance (0ms)
			ReleaseScriptingObjects (0ms)
			CreateAndSetChildDomain (1ms)
		EndReloadAssembly (593ms)
			LoadAssemblies (122ms)
			RebuildTransferFunctionScriptingTraits (0ms)
			SetupTypeCache (237ms)
			ReleaseScriptCaches (0ms)
			RebuildScriptCaches (45ms)
			SetupLoadedEditorAssemblies (193ms)
				LogAssemblyErrors (0ms)
				InitializePlatformSupportModulesInManaged (5ms)
				SetLoadedEditorAssemblies (1ms)
				RefreshPlugins (35ms)
				BeforeProcessingInitializeOnLoad (16ms)
				ProcessInitializeOnLoadAttributes (109ms)
				ProcessInitializeOnLoadMethodAttributes (28ms)
				AfterProcessingInitializeOnLoad (0ms)
				EditorAssembliesLoaded (0ms)
			ExecutionOrderSort2 (0ms)
			AwakeInstancesAfterBackupRestoration (0ms)
Platform modules already initialized, skipping
Registering precompiled user dll's ...
Registered in 0.033111 seconds.
Begin MonoManager ReloadAssembly
Native extension for WindowsStandalone target not found
Native extension for WebGL target not found
Refreshing native plugins compatible for Editor in 0.41 ms, found 2 plugins.
Preloading 0 native plugins for Editor in 0.00 ms.
Mono: successfully reloaded assembly
- Completed reload, in  1.227 seconds
Domain Reload Profiling:
	ReloadAssembly (1228ms)
		BeginReloadAssembly (255ms)
			ExecutionOrderSort (0ms)
			DisableScriptedObjects (6ms)
			BackupInstance (0ms)
			ReleaseScriptingObjects (0ms)
			CreateAndSetChildDomain (48ms)
		EndReloadAssembly (913ms)
			LoadAssemblies (165ms)
			RebuildTransferFunctionScriptingTraits (0ms)
			SetupTypeCache (326ms)
			ReleaseScriptCaches (1ms)
			RebuildScriptCaches (52ms)
			SetupLoadedEditorAssemblies (334ms)
				LogAssemblyErrors (0ms)
				InitializePlatformSupportModulesInManaged (7ms)
				SetLoadedEditorAssemblies (0ms)
				RefreshPlugins (1ms)
				BeforeProcessingInitializeOnLoad (82ms)
				ProcessInitializeOnLoadAttributes (226ms)
				ProcessInitializeOnLoadMethodAttributes (15ms)
				AfterProcessingInitializeOnLoad (3ms)
				EditorAssembliesLoaded (0ms)
			ExecutionOrderSort2 (0ms)
			AwakeInstancesAfterBackupRestoration (9ms)
Platform modules already initialized, skipping
========================================================================
Worker process is ready to serve import requests
Launched and connected shader compiler UnityShaderCompiler.exe after 0.18 seconds
Refreshing native plugins compatible for Editor in 0.50 ms, found 2 plugins.
Preloading 0 native plugins for Editor in 0.00 ms.
Unloading 1566 Unused Serialized files (Serialized files now loaded: 0)
System memory in use before: 84.8 MB.
System memory in use after: 84.9 MB.

Unloading 19 unused Assets to reduce memory usage. Loaded Objects now: 2007.
Total: 4.225800 ms (FindLiveObjects: 0.408400 ms CreateObjectMapping: 0.234100 ms MarkObjects: 3.424400 ms  DeleteObjects: 0.157300 ms)

AssetImportParameters requested are different than current active one (requested -> active):
  custom:framework-win-MediaFoundation: 216162199b28c13a410421893ffa2e32 -> 
  custom:video-decoder-ogg-theora: a1e56fd34408186e4bbccfd4996cb3dc -> 
  custom:container-muxer-webm: aa71ff27fc2769a1b78a27578f13a17b -> 
  custom:container-demuxer-webm: 4f35f7cbe854078d1ac9338744f61a02 -> 
  custom:container-demuxer-ogg: 62fdf1f143b41e24485cea50d1cbac27 -> 
  custom:video-encoder-webm-vp8: eb34c28f22e8b96e1ab97ce403110664 -> 
  custom:video-decoder-webm-vp8: 9c59270c3fd7afecdb556c50c9e8de78 -> 
  custom:audio-decoder-ogg-vorbis: bf7c407c2cedff20999df2af8eb42d56 -> 
  custom:audio-encoder-webm-vorbis: bf7c407c2cedff20999df2af8eb42d56 -> 
========================================================================
Received Import Request.
  path: Assets/Shaders/Chapter9/Chapter9-ForwardRendering.shader
  artifactKey: Guid(961192328a232456ca34f83032a2d06f) Importer(815301076,1909f56bfc062723c751e8b465ee728b)
Start importing Assets/Shaders/Chapter9/Chapter9-ForwardRendering.shader using Guid(961192328a232456ca34f83032a2d06f) Importer(815301076,1909f56bfc062723c751e8b465ee728b)  -> (artifact id: '2437f657224986c52061304be8b0b807') in 0.153194 seconds 
  Import took 0.158965 seconds .

========================================================================
Received Import Request.
  Time since last request: 713.095049 seconds.
  path: Assets/Shaders/Chapter7/Chapter7-NormalMapTangentSpace.shader
  artifactKey: Guid(8599ea31011944d2b92327308c24b4d4) Importer(815301076,1909f56bfc062723c751e8b465ee728b)
Start importing Assets/Shaders/Chapter7/Chapter7-NormalMapTangentSpace.shader using Guid(8599ea31011944d2b92327308c24b4d4) Importer(815301076,1909f56bfc062723c751e8b465ee728b)  -> (artifact id: '48adfa1f232f0ad1e59a41e7ab316614') in 0.008103 seconds 
  Import took 0.012643 seconds .

========================================================================
Received Import Request.
  Time since last request: 1161.798401 seconds.
  path: Assets/Shaders/Chapter7/Chapter7-NormalMapWorldSpace.shader
  artifactKey: Guid(01074012f14cf471cae8b56108368075) Importer(815301076,1909f56bfc062723c751e8b465ee728b)
Start importing Assets/Shaders/Chapter7/Chapter7-NormalMapWorldSpace.shader using Guid(01074012f14cf471cae8b56108368075) Importer(815301076,1909f56bfc062723c751e8b465ee728b)  -> (artifact id: 'fd4d1ca68b709b44b54b06ad26b569b3') in 0.007650 seconds 
  Import took 0.011506 seconds .

========================================================================
Received Import Request.
  Time since last request: 3753.731927 seconds.
  path: Assets/Shaders/Chapter8
  artifactKey: Guid(9d524d966b7e84447a6d0ef01e1b1622) Importer(815301076,1909f56bfc062723c751e8b465ee728b)
Start importing Assets/Shaders/Chapter8 using Guid(9d524d966b7e84447a6d0ef01e1b1622) Importer(815301076,1909f56bfc062723c751e8b465ee728b)  -> (artifact id: '23ed308ddee1e09276f1e83a65ef496e') in 0.011094 seconds 
  Import took 0.040838 seconds .

========================================================================
Received Import Request.
  Time since last request: 2.445734 seconds.
  path: Assets/Shaders/Chapter9
  artifactKey: Guid(2ff92d7760fbc4e67b012fe0bd7417e0) Importer(815301076,1909f56bfc062723c751e8b465ee728b)
Start importing Assets/Shaders/Chapter9 using Guid(2ff92d7760fbc4e67b012fe0bd7417e0) Importer(815301076,1909f56bfc062723c751e8b465ee728b)  -> (artifact id: '5082da35f01e6ad84039d40f15dd95cb') in 0.007796 seconds 
  Import took 0.012866 seconds .

========================================================================
Received Import Request.
  Time since last request: 2.079491 seconds.
  path: Assets/Shaders/Chapter7
  artifactKey: Guid(65cda1c4711a943d595eed2baeee1fad) Importer(815301076,1909f56bfc062723c751e8b465ee728b)
Start importing Assets/Shaders/Chapter7 using Guid(65cda1c4711a943d595eed2baeee1fad) Importer(815301076,1909f56bfc062723c751e8b465ee728b)  -> (artifact id: '08e4ab39c00f1c3addba947488058fac') in 0.011318 seconds 
  Import took 0.017890 seconds .

========================================================================
Received Import Request.
  Time since last request: 49.485829 seconds.
  path: Assets/Textures/Chapter7/Brick_Diffuse.JPG
  artifactKey: Guid(d938a66d993e948deaed0109b1217675) Importer(815301076,1909f56bfc062723c751e8b465ee728b)
Start importing Assets/Textures/Chapter7/Brick_Diffuse.JPG using Guid(d938a66d993e948deaed0109b1217675) Importer(815301076,1909f56bfc062723c751e8b465ee728b)  -> (artifact id: '48fe6c10bae2fa69b85cec941d14750c') in 0.246491 seconds 
  Import took 0.250342 seconds .

========================================================================
Received Import Request.
  Time since last request: 0.001945 seconds.
  path: Assets/Textures/Chapter7/Brick_Normal.JPG
  artifactKey: Guid(62ea63551f14847d18f8f258f74e14d8) Importer(815301076,1909f56bfc062723c751e8b465ee728b)
Start importing Assets/Textures/Chapter7/Brick_Normal.JPG using Guid(62ea63551f14847d18f8f258f74e14d8) Importer(815301076,1909f56bfc062723c751e8b465ee728b)  -> (artifact id: '050023e1dbf2aabe4b2c5242a6ae541a') in 0.052056 seconds 
  Import took 0.055677 seconds .

========================================================================
Received Import Request.
  Time since last request: 449.485918 seconds.
  path: Assets/Shaders/Chapter7/Chapter7-NormalMapTangentSpace.shader
  artifactKey: Guid(8599ea31011944d2b92327308c24b4d4) Importer(815301076,1909f56bfc062723c751e8b465ee728b)
Start importing Assets/Shaders/Chapter7/Chapter7-NormalMapTangentSpace.shader using Guid(8599ea31011944d2b92327308c24b4d4) Importer(815301076,1909f56bfc062723c751e8b465ee728b)  -> (artifact id: 'a9ce4e3ac408136abb02c77c767e0fa1') in 0.009857 seconds 
  Import took 0.016679 seconds .

========================================================================
Received Import Request.
  Time since last request: 18189.711454 seconds.
  path: Assets/Scenes/Chapter9/Scene_9_2_2_2.unity
  artifactKey: Guid(fa65c213a9cca42499afd057153a6c65) Importer(815301076,1909f56bfc062723c751e8b465ee728b)
Start importing Assets/Scenes/Chapter9/Scene_9_2_2_2.unity using Guid(fa65c213a9cca42499afd057153a6c65) Importer(815301076,1909f56bfc062723c751e8b465ee728b)  -> (artifact id: '4c1a73e39a82e3f9ae94b847ebca5f5f') in 0.013068 seconds 
  Import took 0.034641 seconds .

========================================================================
Received Import Request.
  Time since last request: 63.578442 seconds.
  path: Assets/Shaders/Chapter9/Chapter9-AttenuationAndShadowUseBuildInFunctions.shader
  artifactKey: Guid(ae8f87bfe90344ad3b27c0c927e792e4) Importer(815301076,1909f56bfc062723c751e8b465ee728b)
Start importing Assets/Shaders/Chapter9/Chapter9-AttenuationAndShadowUseBuildInFunctions.shader using Guid(ae8f87bfe90344ad3b27c0c927e792e4) Importer(815301076,1909f56bfc062723c751e8b465ee728b)  -> (artifact id: '4801724dcee85b7c9a0158e478b31794') in 0.009127 seconds 
  Import took 0.012991 seconds .

AssetImportWorkerClient::OnTransportError - code=2 error=End of file
